Build started 5/24/2014 3:32:56 PM.
     1>Project "D:\Projects\hect\Hect\Tools\Reflect\Reflect.vcxproj" on node 2 (Build target(s)).
     1>CustomBuildStep:
         cd D:\Projects\hect\ &
         doxygen &
         python Hect\Tools\Reflect\reflect.py "Hect\Doc\xml\*.xml" "Hect\Source\Hect\Reflection\_Reflect.cpp" ReflectTypes
         :VCEnd
         Searching for include files...
         Searching for example files...
         Searching for images...
         Searching for dot files...
         Searching for msc files...
         Searching for dia files...
         Searching for files to exclude
         Searching for files to process...
         Searching for files in directory D:/Projects/hect/Hect/Source
         Searching for files in directory D:/Projects/hect/Hect/Source/Hect
         Searching for files in directory D:/Projects/hect/Hect/Source/Hect/Asset
         Searching for files in directory D:/Projects/hect/Hect/Source/Hect/Core
         Searching for files in directory D:/Projects/hect/Hect/Source/Hect/Entity
         Searching for files in directory D:/Projects/hect/Hect/Source/Hect/Entity/Components
         Searching for files in directory D:/Projects/hect/Hect/Source/Hect/Entity/Systems
         Searching for files in directory D:/Projects/hect/Hect/Source/Hect/Graphics
         Searching for files in directory D:/Projects/hect/Hect/Source/Hect/Input
         Searching for files in directory D:/Projects/hect/Hect/Source/Hect/Internal
         Searching for files in directory D:/Projects/hect/Hect/Source/Hect/IO
         Searching for files in directory D:/Projects/hect/Hect/Source/Hect/IO/Encoders
         Searching for files in directory D:/Projects/hect/Hect/Source/Hect/Math
         Searching for files in directory D:/Projects/hect/Hect/Source/Hect/Network
         Searching for files in directory D:/Projects/hect/Hect/Source/Hect/Noise
         Searching for files in directory D:/Projects/hect/Hect/Source/Hect/Reflection
         Reading and parsing tag files
         Parsing files
         Preprocessing D:/Projects/hect/Hect/Source/Hect/Asset/AssetCache.h...
         Parsing file D:/Projects/hect/Hect/Source/Hect/Asset/AssetCache.h...
         Preprocessing D:/Projects/hect/Hect/Source/Hect/Asset/AssetEntry.h...
         Parsing file D:/Projects/hect/Hect/Source/Hect/Asset/AssetEntry.h...
         Preprocessing D:/Projects/hect/Hect/Source/Hect/Asset/AssetHandle.h...
         Parsing file D:/Projects/hect/Hect/Source/Hect/Asset/AssetHandle.h...
         Preprocessing D:/Projects/hect/Hect/Source/Hect/Asset/AssetLoader.h...
         Parsing file D:/Projects/hect/Hect/Source/Hect/Asset/AssetLoader.h...
         Preprocessing D:/Projects/hect/Hect/Source/Hect/Core/Any.h...
         Parsing file D:/Projects/hect/Hect/Source/Hect/Core/Any.h...
         Preprocessing D:/Projects/hect/Hect/Source/Hect/Core/Configuration.h...
         Parsing file D:/Projects/hect/Hect/Source/Hect/Core/Configuration.h...
         Preprocessing D:/Projects/hect/Hect/Source/Hect/Core/Dispatcher.h...
         Parsing file D:/Projects/hect/Hect/Source/Hect/Core/Dispatcher.h...
         Preprocessing D:/Projects/hect/Hect/Source/Hect/Core/Error.h...
         Parsing file D:/Projects/hect/Hect/Source/Hect/Core/Error.h...
         Preprocessing D:/Projects/hect/Hect/Source/Hect/Core/Export.h...
         Parsing file D:/Projects/hect/Hect/Source/Hect/Core/Export.h...
         Preprocessing D:/Projects/hect/Hect/Source/Hect/Core/Format.h...
         Parsing file D:/Projects/hect/Hect/Source/Hect/Core/Format.h...
         Preprocessing D:/Projects/hect/Hect/Source/Hect/Core/IdPool.h...
         Parsing file D:/Projects/hect/Hect/Source/Hect/Core/IdPool.h...
         Preprocessing D:/Projects/hect/Hect/Source/Hect/Core/Listener.h...
         Parsing file D:/Projects/hect/Hect/Source/Hect/Core/Listener.h...
         Preprocessing D:/Projects/hect/Hect/Source/Hect/Core/Logging.h...
         Parsing file D:/Projects/hect/Hect/Source/Hect/Core/Logging.h...
         Preprocessing D:/Projects/hect/Hect/Source/Hect/Core/LogicFlow.h...
         Parsing file D:/Projects/hect/Hect/Source/Hect/Core/LogicFlow.h...
         Preprocessing D:/Projects/hect/Hect/Source/Hect/Core/LogicLayer.h...
         Parsing file D:/Projects/hect/Hect/Source/Hect/Core/LogicLayer.h...
         Preprocessing D:/Projects/hect/Hect/Source/Hect/Core/Memory.h...
         Parsing file D:/Projects/hect/Hect/Source/Hect/Core/Memory.h...
         Preprocessing D:/Projects/hect/Hect/Source/Hect/Core/Real.h...
         Parsing file D:/Projects/hect/Hect/Source/Hect/Core/Real.h...
         Preprocessing D:/Projects/hect/Hect/Source/Hect/Core/TaskPool.h...
         Parsing file D:/Projects/hect/Hect/Source/Hect/Core/TaskPool.h...
         Preprocessing D:/Projects/hect/Hect/Source/Hect/Core/Timer.h...
         Parsing file D:/Projects/hect/Hect/Source/Hect/Core/Timer.h...
         Preprocessing D:/Projects/hect/Hect/Source/Hect/Core/TimeSpan.h...
         Parsing file D:/Projects/hect/Hect/Source/Hect/Core/TimeSpan.h...
         Preprocessing D:/Projects/hect/Hect/Source/Hect/Core/Uncopyable.h...
         Parsing file D:/Projects/hect/Hect/Source/Hect/Core/Uncopyable.h...
         Preprocessing D:/Projects/hect/Hect/Source/Hect/Entity/Component.h...
         Parsing file D:/Projects/hect/Hect/Source/Hect/Entity/Component.h...
         Preprocessing D:/Projects/hect/Hect/Source/Hect/Entity/Components/AmbientLight.h...
         Parsing file D:/Projects/hect/Hect/Source/Hect/Entity/Components/AmbientLight.h...
         Preprocessing D:/Projects/hect/Hect/Source/Hect/Entity/Components/Camera.h...
         Parsing file D:/Projects/hect/Hect/Source/Hect/Entity/Components/Camera.h...
         Preprocessing D:/Projects/hect/Hect/Source/Hect/Entity/Components/DirectionalLight.h...
         Parsing file D:/Projects/hect/Hect/Source/Hect/Entity/Components/DirectionalLight.h...
         Preprocessing D:/Projects/hect/Hect/Source/Hect/Entity/Components/Geometry.h...
         Parsing file D:/Projects/hect/Hect/Source/Hect/Entity/Components/Geometry.h...
         Preprocessing D:/Projects/hect/Hect/Source/Hect/Entity/Components/RigidBody.h...
         Parsing file D:/Projects/hect/Hect/Source/Hect/Entity/Components/RigidBody.h...
         Preprocessing D:/Projects/hect/Hect/Source/Hect/Entity/Components/Transform.h...
         Parsing file D:/Projects/hect/Hect/Source/Hect/Entity/Components/Transform.h...
         Preprocessing D:/Projects/hect/Hect/Source/Hect/Entity/Entity.h...
         Parsing file D:/Projects/hect/Hect/Source/Hect/Entity/Entity.h...
         Preprocessing D:/Projects/hect/Hect/Source/Hect/Entity/EntityData.h...
         Parsing file D:/Projects/hect/Hect/Source/Hect/Entity/EntityData.h...
         Preprocessing D:/Projects/hect/Hect/Source/Hect/Entity/Scene.h...
         Parsing file D:/Projects/hect/Hect/Source/Hect/Entity/Scene.h...
         Preprocessing D:/Projects/hect/Hect/Source/Hect/Entity/System.h...
         Parsing file D:/Projects/hect/Hect/Source/Hect/Entity/System.h...
         Preprocessing D:/Projects/hect/Hect/Source/Hect/Entity/Systems/CameraSystem.h...
         Parsing file D:/Projects/hect/Hect/Source/Hect/Entity/Systems/CameraSystem.h...
         Preprocessing D:/Projects/hect/Hect/Source/Hect/Entity/Systems/PhysicsSystem.h...
         Parsing file D:/Projects/hect/Hect/Source/Hect/Entity/Systems/PhysicsSystem.h...
         Preprocessing D:/Projects/hect/Hect/Source/Hect/Entity/Systems/RenderSystem.h...
         Parsing file D:/Projects/hect/Hect/Source/Hect/Entity/Systems/RenderSystem.h...
         Preprocessing D:/Projects/hect/Hect/Source/Hect/Graphics/FrameBuffer.h...
         Parsing file D:/Projects/hect/Hect/Source/Hect/Graphics/FrameBuffer.h...
         Preprocessing D:/Projects/hect/Hect/Source/Hect/Graphics/Image.h...
         Parsing file D:/Projects/hect/Hect/Source/Hect/Graphics/Image.h...
         Preprocessing D:/Projects/hect/Hect/Source/Hect/Graphics/Material.h...
         Parsing file D:/Projects/hect/Hect/Source/Hect/Graphics/Material.h...
         Preprocessing D:/Projects/hect/Hect/Source/Hect/Graphics/Mesh.h...
         Parsing file D:/Projects/hect/Hect/Source/Hect/Graphics/Mesh.h...
         Preprocessing D:/Projects/hect/Hect/Source/Hect/Graphics/MeshReader.h...
         Parsing file D:/Projects/hect/Hect/Source/Hect/Graphics/MeshReader.h...
         Preprocessing D:/Projects/hect/Hect/Source/Hect/Graphics/MeshWriter.h...
         Parsing file D:/Projects/hect/Hect/Source/Hect/Graphics/MeshWriter.h...
         Preprocessing D:/Projects/hect/Hect/Source/Hect/Graphics/Pass.h...
         Parsing file D:/Projects/hect/Hect/Source/Hect/Graphics/Pass.h...
         Preprocessing D:/Projects/hect/Hect/Source/Hect/Graphics/PassUniformValue.h...
         Parsing file D:/Projects/hect/Hect/Source/Hect/Graphics/PassUniformValue.h...
         Preprocessing D:/Projects/hect/Hect/Source/Hect/Graphics/Renderer.h...
         Parsing file D:/Projects/hect/Hect/Source/Hect/Graphics/Renderer.h...
         Preprocessing D:/Projects/hect/Hect/Source/Hect/Graphics/RendererObject.h...
         Parsing file D:/Projects/hect/Hect/Source/Hect/Graphics/RendererObject.h...
         Preprocessing D:/Projects/hect/Hect/Source/Hect/Graphics/RenderMode.h...
         Parsing file D:/Projects/hect/Hect/Source/Hect/Graphics/RenderMode.h...
         Preprocessing D:/Projects/hect/Hect/Source/Hect/Graphics/RenderTarget.h...
         Parsing file D:/Projects/hect/Hect/Source/Hect/Graphics/RenderTarget.h...
         Preprocessing D:/Projects/hect/Hect/Source/Hect/Graphics/Shader.h...
         Parsing file D:/Projects/hect/Hect/Source/Hect/Graphics/Shader.h...
         Preprocessing D:/Projects/hect/Hect/Source/Hect/Graphics/ShaderModule.h...
         Parsing file D:/Projects/hect/Hect/Source/Hect/Graphics/ShaderModule.h...
         Preprocessing D:/Projects/hect/Hect/Source/Hect/Graphics/Technique.h...
         Parsing file D:/Projects/hect/Hect/Source/Hect/Graphics/Technique.h...
         Preprocessing D:/Projects/hect/Hect/Source/Hect/Graphics/Texture.h...
         Parsing file D:/Projects/hect/Hect/Source/Hect/Graphics/Texture.h...
         Preprocessing D:/Projects/hect/Hect/Source/Hect/Graphics/Uniform.h...
         Parsing file D:/Projects/hect/Hect/Source/Hect/Graphics/Uniform.h...
         Preprocessing D:/Projects/hect/Hect/Source/Hect/Graphics/UniformValue.h...
         Parsing file D:/Projects/hect/Hect/Source/Hect/Graphics/UniformValue.h...
         Preprocessing D:/Projects/hect/Hect/Source/Hect/Graphics/VertexAttribute.h...
         Parsing file D:/Projects/hect/Hect/Source/Hect/Graphics/VertexAttribute.h...
         Preprocessing D:/Projects/hect/Hect/Source/Hect/Graphics/VertexLayout.h...
         Parsing file D:/Projects/hect/Hect/Source/Hect/Graphics/VertexLayout.h...
         Preprocessing D:/Projects/hect/Hect/Source/Hect/Graphics/VideoMode.h...
         Parsing file D:/Projects/hect/Hect/Source/Hect/Graphics/VideoMode.h...
         Preprocessing D:/Projects/hect/Hect/Source/Hect/Graphics/Window.h...
         Parsing file D:/Projects/hect/Hect/Source/Hect/Graphics/Window.h...
         Preprocessing D:/Projects/hect/Hect/Source/Hect/Input/InputAxis.h...
         Parsing file D:/Projects/hect/Hect/Source/Hect/Input/InputAxis.h...
         Preprocessing D:/Projects/hect/Hect/Source/Hect/Input/InputSystem.h...
         Parsing file D:/Projects/hect/Hect/Source/Hect/Input/InputSystem.h...
         Preprocessing D:/Projects/hect/Hect/Source/Hect/Input/Keyboard.h...
         Parsing file D:/Projects/hect/Hect/Source/Hect/Input/Keyboard.h...
         Preprocessing D:/Projects/hect/Hect/Source/Hect/Input/Mouse.h...
         Parsing file D:/Projects/hect/Hect/Source/Hect/Input/Mouse.h...
         Preprocessing D:/Projects/hect/Hect/Source/Hect/Internal/Bullet.h...
         Parsing file D:/Projects/hect/Hect/Source/Hect/Internal/Bullet.h...
         Preprocessing D:/Projects/hect/Hect/Source/Hect/IO/BinaryDecoder.h...
         Parsing file D:/Projects/hect/Hect/Source/Hect/IO/BinaryDecoder.h...
         Preprocessing D:/Projects/hect/Hect/Source/Hect/IO/BinaryEncoder.h...
         Parsing file D:/Projects/hect/Hect/Source/Hect/IO/BinaryEncoder.h...
         Preprocessing D:/Projects/hect/Hect/Source/Hect/IO/Decoder.h...
         Parsing file D:/Projects/hect/Hect/Source/Hect/IO/Decoder.h...
         Preprocessing D:/Projects/hect/Hect/Source/Hect/IO/Encodable.h...
         Parsing file D:/Projects/hect/Hect/Source/Hect/IO/Encodable.h...
         Preprocessing D:/Projects/hect/Hect/Source/Hect/IO/Encoder.h...
         Parsing file D:/Projects/hect/Hect/Source/Hect/IO/Encoder.h...
         Preprocessing D:/Projects/hect/Hect/Source/Hect/IO/Encoders/ImagePngEncoder.h...
         Parsing file D:/Projects/hect/Hect/Source/Hect/IO/Encoders/ImagePngEncoder.h...
         Preprocessing D:/Projects/hect/Hect/Source/Hect/IO/Encoders/InputAxisEncoder.h...
         Parsing file D:/Projects/hect/Hect/Source/Hect/IO/Encoders/InputAxisEncoder.h...
         Preprocessing D:/Projects/hect/Hect/Source/Hect/IO/Encoders/MaterialEncoder.h...
         Parsing file D:/Projects/hect/Hect/Source/Hect/IO/Encoders/MaterialEncoder.h...
         Preprocessing D:/Projects/hect/Hect/Source/Hect/IO/Encoders/MeshEncoder.h...
         Parsing file D:/Projects/hect/Hect/Source/Hect/IO/Encoders/MeshEncoder.h...
         Preprocessing D:/Projects/hect/Hect/Source/Hect/IO/Encoders/ShaderEncoder.h...
         Parsing file D:/Projects/hect/Hect/Source/Hect/IO/Encoders/ShaderEncoder.h...
         Preprocessing D:/Projects/hect/Hect/Source/Hect/IO/Encoders/TextureEncoder.h...
         Parsing file D:/Projects/hect/Hect/Source/Hect/IO/Encoders/TextureEncoder.h...
         Preprocessing D:/Projects/hect/Hect/Source/Hect/IO/Encoders/UniformEncoder.h...
         Parsing file D:/Projects/hect/Hect/Source/Hect/IO/Encoders/UniformEncoder.h...
         Preprocessing D:/Projects/hect/Hect/Source/Hect/IO/Encoders/UniformValueEncoder.h...
         Parsing file D:/Projects/hect/Hect/Source/Hect/IO/Encoders/UniformValueEncoder.h...
         Preprocessing D:/Projects/hect/Hect/Source/Hect/IO/Encoders/VertexLayoutEncoder.h...
         Parsing file D:/Projects/hect/Hect/Source/Hect/IO/Encoders/VertexLayoutEncoder.h...
         Preprocessing D:/Projects/hect/Hect/Source/Hect/IO/EncodingMagicNumber.h...
         Parsing file D:/Projects/hect/Hect/Source/Hect/IO/EncodingMagicNumber.h...
         Preprocessing D:/Projects/hect/Hect/Source/Hect/IO/FileReadStream.h...
         Parsing file D:/Projects/hect/Hect/Source/Hect/IO/FileReadStream.h...
         Preprocessing D:/Projects/hect/Hect/Source/Hect/IO/FileSystem.h...
         Parsing file D:/Projects/hect/Hect/Source/Hect/IO/FileSystem.h...
         Preprocessing D:/Projects/hect/Hect/Source/Hect/IO/FileWriteStream.h...
         Parsing file D:/Projects/hect/Hect/Source/Hect/IO/FileWriteStream.h...
         Preprocessing D:/Projects/hect/Hect/Source/Hect/IO/JsonDecoder.h...
         Parsing file D:/Projects/hect/Hect/Source/Hect/IO/JsonDecoder.h...
         Preprocessing D:/Projects/hect/Hect/Source/Hect/IO/JsonEncoder.h...
         Parsing file D:/Projects/hect/Hect/Source/Hect/IO/JsonEncoder.h...
         Preprocessing D:/Projects/hect/Hect/Source/Hect/IO/JsonValue.h...
         Parsing file D:/Projects/hect/Hect/Source/Hect/IO/JsonValue.h...
         Preprocessing D:/Projects/hect/Hect/Source/Hect/IO/MemoryReadStream.h...
         Parsing file D:/Projects/hect/Hect/Source/Hect/IO/MemoryReadStream.h...
         Preprocessing D:/Projects/hect/Hect/Source/Hect/IO/MemoryWriteStream.h...
         Parsing file D:/Projects/hect/Hect/Source/Hect/IO/MemoryWriteStream.h...
         Preprocessing D:/Projects/hect/Hect/Source/Hect/IO/Path.h...
         Parsing file D:/Projects/hect/Hect/Source/Hect/IO/Path.h...
         Preprocessing D:/Projects/hect/Hect/Source/Hect/IO/ReadStream.h...
         Parsing file D:/Projects/hect/Hect/Source/Hect/IO/ReadStream.h...
         Preprocessing D:/Projects/hect/Hect/Source/Hect/IO/WriteStream.h...
         Parsing file D:/Projects/hect/Hect/Source/Hect/IO/WriteStream.h...
         Preprocessing D:/Projects/hect/Hect/Source/Hect/Math/Angle.h...
         Parsing file D:/Projects/hect/Hect/Source/Hect/Math/Angle.h...
         Preprocessing D:/Projects/hect/Hect/Source/Hect/Math/AxisAlignedBox.h...
         Parsing file D:/Projects/hect/Hect/Source/Hect/Math/AxisAlignedBox.h...
         Preprocessing D:/Projects/hect/Hect/Source/Hect/Math/Box.h...
         Parsing file D:/Projects/hect/Hect/Source/Hect/Math/Box.h...
         Preprocessing D:/Projects/hect/Hect/Source/Hect/Math/Constants.h...
         Parsing file D:/Projects/hect/Hect/Source/Hect/Math/Constants.h...
         Preprocessing D:/Projects/hect/Hect/Source/Hect/Math/Frustum.h...
         Parsing file D:/Projects/hect/Hect/Source/Hect/Math/Frustum.h...
         Preprocessing D:/Projects/hect/Hect/Source/Hect/Math/Matrix4.h...
         Parsing file D:/Projects/hect/Hect/Source/Hect/Math/Matrix4.h...
         Preprocessing D:/Projects/hect/Hect/Source/Hect/Math/Plane.h...
         Parsing file D:/Projects/hect/Hect/Source/Hect/Math/Plane.h...
         Preprocessing D:/Projects/hect/Hect/Source/Hect/Math/Quaternion.h...
         Parsing file D:/Projects/hect/Hect/Source/Hect/Math/Quaternion.h...
         Preprocessing D:/Projects/hect/Hect/Source/Hect/Math/Sphere.h...
         Parsing file D:/Projects/hect/Hect/Source/Hect/Math/Sphere.h...
         Preprocessing D:/Projects/hect/Hect/Source/Hect/Math/Vector2.h...
         Parsing file D:/Projects/hect/Hect/Source/Hect/Math/Vector2.h...
         Preprocessing D:/Projects/hect/Hect/Source/Hect/Math/Vector3.h...
         Parsing file D:/Projects/hect/Hect/Source/Hect/Math/Vector3.h...
         Preprocessing D:/Projects/hect/Hect/Source/Hect/Math/Vector4.h...
         Parsing file D:/Projects/hect/Hect/Source/Hect/Math/Vector4.h...
         Preprocessing D:/Projects/hect/Hect/Source/Hect/Network/IpAddress.h...
         Parsing file D:/Projects/hect/Hect/Source/Hect/Network/IpAddress.h...
         Preprocessing D:/Projects/hect/Hect/Source/Hect/Network/Packet.h...
         Parsing file D:/Projects/hect/Hect/Source/Hect/Network/Packet.h...
         Preprocessing D:/Projects/hect/Hect/Source/Hect/Network/Peer.h...
         Parsing file D:/Projects/hect/Hect/Source/Hect/Network/Peer.h...
         Preprocessing D:/Projects/hect/Hect/Source/Hect/Network/Socket.h...
         Parsing file D:/Projects/hect/Hect/Source/Hect/Network/Socket.h...
         Preprocessing D:/Projects/hect/Hect/Source/Hect/Noise/Random.h...
         Parsing file D:/Projects/hect/Hect/Source/Hect/Noise/Random.h...
         Preprocessing D:/Projects/hect/Hect/Source/Hect/Reflection/Enum.h...
         Parsing file D:/Projects/hect/Hect/Source/Hect/Reflection/Enum.h...
         Preprocessing D:/Projects/hect/Hect/Source/Hect/Reflection/Type.h...
         Parsing file D:/Projects/hect/Hect/Source/Hect/Reflection/Type.h...
         Preprocessing D:/Projects/hect/Hect/Source/Hect.h...
         Parsing file D:/Projects/hect/Hect/Source/Hect.h...
         Building group list...
         Building directory list...
         Building namespace list...
         Building file list...
         Building class list...
         Associating documentation with classes...
         Computing nesting relations for classes...
         Building example list...
         Searching for enumerations...
         Searching for documented typedefs...
         Searching for members imported via using declarations...
         Searching for included using directives...
         Searching for documented variables...
         Building interface member list...
         Building member list...
         Searching for friends...
         Searching for documented defines...
         Computing class inheritance relations...
         Computing class usage relations...
         Flushing cached template relations that have become invalid...
         Creating members for template instances...
         Computing class relations...
         Add enum values to enums...
         Searching for member function documentation...
         Building page list...
         Search for main page...
         Computing page relations...
         Determining the scope of groups...
         Sorting lists...
         Freeing entry tree
         Determining which enums are documented
         Computing member relations...
         Building full member lists recursively...
         Adding members to member groups.
         Computing member references...
         Inheriting documentation...
         Generating disk names...
         Adding source references...
         Adding xrefitems...
         Sorting member lists...
         Computing dependencies between directories...
         Generating citations page...
         Counting data structures...
         Resolving user defined references...
         Finding anchors and sections in the documentation...
         Transferring function references...
         Combining using relations...
         Adding members to index pages...
         Generating style sheet...
         Generating search indices...
         Generating example documentation...
         Generating file sources...
         Generating code for file Hect/Source/Hect.h...
         Generating code for file Hect/Source/Hect/Asset/AssetCache.h...
         Generating code for file Hect/Source/Hect/Asset/AssetEntry.h...
         Generating code for file Hect/Source/Hect/Asset/AssetHandle.h...
         Generating code for file Hect/Source/Hect/Asset/AssetLoader.h...
         Generating code for file Hect/Source/Hect/Core/Any.h...
         Generating code for file Hect/Source/Hect/Core/Configuration.h...
         Generating code for file Hect/Source/Hect/Core/Dispatcher.h...
         Generating code for file Hect/Source/Hect/Core/Error.h...
         Generating code for file Hect/Source/Hect/Core/Export.h...
         Generating code for file Hect/Source/Hect/Core/Format.h...
         Generating code for file Hect/Source/Hect/Core/IdPool.h...
         Generating code for file Hect/Source/Hect/Core/Listener.h...
         Generating code for file Hect/Source/Hect/Core/Logging.h...
         Generating code for file Hect/Source/Hect/Core/LogicFlow.h...
         Generating code for file Hect/Source/Hect/Core/LogicLayer.h...
         Generating code for file Hect/Source/Hect/Core/Memory.h...
         Generating code for file Hect/Source/Hect/Core/Real.h...
         Generating code for file Hect/Source/Hect/Core/TaskPool.h...
         Generating code for file Hect/Source/Hect/Core/Timer.h...
         Generating code for file Hect/Source/Hect/Core/TimeSpan.h...
         Generating code for file Hect/Source/Hect/Core/Uncopyable.h...
         Generating code for file Hect/Source/Hect/Entity/Component.h...
         Generating code for file Hect/Source/Hect/Entity/Components/AmbientLight.h...
         Generating code for file Hect/Source/Hect/Entity/Components/Camera.h...
         Generating code for file Hect/Source/Hect/Entity/Components/DirectionalLight.h...
         Generating code for file Hect/Source/Hect/Entity/Components/Geometry.h...
         Generating code for file Hect/Source/Hect/Entity/Components/RigidBody.h...
         Generating code for file Hect/Source/Hect/Entity/Components/Transform.h...
         Generating code for file Hect/Source/Hect/Entity/Entity.h...
         Generating code for file Hect/Source/Hect/Entity/EntityData.h...
         Generating code for file Hect/Source/Hect/Entity/Scene.h...
         Generating code for file Hect/Source/Hect/Entity/System.h...
         Generating code for file Hect/Source/Hect/Entity/Systems/CameraSystem.h...
         Generating code for file Hect/Source/Hect/Entity/Systems/PhysicsSystem.h...
         Generating code for file Hect/Source/Hect/Entity/Systems/RenderSystem.h...
         Generating code for file Hect/Source/Hect/Graphics/FrameBuffer.h...
         Generating code for file Hect/Source/Hect/Graphics/Image.h...
         Generating code for file Hect/Source/Hect/Graphics/Material.h...
         Generating code for file Hect/Source/Hect/Graphics/Mesh.h...
         Generating code for file Hect/Source/Hect/Graphics/MeshReader.h...
         Generating code for file Hect/Source/Hect/Graphics/MeshWriter.h...
         Generating code for file Hect/Source/Hect/Graphics/Pass.h...
         Generating code for file Hect/Source/Hect/Graphics/PassUniformValue.h...
         Generating code for file Hect/Source/Hect/Graphics/Renderer.h...
         Generating code for file Hect/Source/Hect/Graphics/RendererObject.h...
         Generating code for file Hect/Source/Hect/Graphics/RenderMode.h...
         Generating code for file Hect/Source/Hect/Graphics/RenderTarget.h...
         Generating code for file Hect/Source/Hect/Graphics/Shader.h...
         Generating code for file Hect/Source/Hect/Graphics/ShaderModule.h...
         Generating code for file Hect/Source/Hect/Graphics/Technique.h...
         Generating code for file Hect/Source/Hect/Graphics/Texture.h...
         Generating code for file Hect/Source/Hect/Graphics/Uniform.h...
         Generating code for file Hect/Source/Hect/Graphics/UniformValue.h...
         Generating code for file Hect/Source/Hect/Graphics/VertexAttribute.h...
         Generating code for file Hect/Source/Hect/Graphics/VertexLayout.h...
         Generating code for file Hect/Source/Hect/Graphics/VideoMode.h...
         Generating code for file Hect/Source/Hect/Graphics/Window.h...
         Generating code for file Hect/Source/Hect/Input/InputAxis.h...
         Generating code for file Hect/Source/Hect/Input/InputSystem.h...
         Generating code for file Hect/Source/Hect/Input/Keyboard.h...
         Generating code for file Hect/Source/Hect/Input/Mouse.h...
         Generating code for file Hect/Source/Hect/Internal/Bullet.h...
         Generating code for file Hect/Source/Hect/IO/BinaryDecoder.h...
         Generating code for file Hect/Source/Hect/IO/BinaryEncoder.h...
         Generating code for file Hect/Source/Hect/IO/Decoder.h...
         Generating code for file Hect/Source/Hect/IO/Encodable.h...
         Generating code for file Hect/Source/Hect/IO/Encoder.h...
         Generating code for file Hect/Source/Hect/IO/Encoders/ImagePngEncoder.h...
         Generating code for file Hect/Source/Hect/IO/Encoders/InputAxisEncoder.h...
         Generating code for file Hect/Source/Hect/IO/Encoders/MaterialEncoder.h...
         Generating code for file Hect/Source/Hect/IO/Encoders/MeshEncoder.h...
         Generating code for file Hect/Source/Hect/IO/Encoders/ShaderEncoder.h...
         Generating code for file Hect/Source/Hect/IO/Encoders/TextureEncoder.h...
         Generating code for file Hect/Source/Hect/IO/Encoders/UniformEncoder.h...
         Generating code for file Hect/Source/Hect/IO/Encoders/UniformValueEncoder.h...
         Generating code for file Hect/Source/Hect/IO/Encoders/VertexLayoutEncoder.h...
         Generating code for file Hect/Source/Hect/IO/EncodingMagicNumber.h...
         Generating code for file Hect/Source/Hect/IO/FileReadStream.h...
         Generating code for file Hect/Source/Hect/IO/FileSystem.h...
         Generating code for file Hect/Source/Hect/IO/FileWriteStream.h...
         Generating code for file Hect/Source/Hect/IO/JsonDecoder.h...
         Generating code for file Hect/Source/Hect/IO/JsonEncoder.h...
         Generating code for file Hect/Source/Hect/IO/JsonValue.h...
         Generating code for file Hect/Source/Hect/IO/MemoryReadStream.h...
         Generating code for file Hect/Source/Hect/IO/MemoryWriteStream.h...
         Generating code for file Hect/Source/Hect/IO/Path.h...
         Generating code for file Hect/Source/Hect/IO/ReadStream.h...
         Generating code for file Hect/Source/Hect/IO/WriteStream.h...
         Generating code for file Hect/Source/Hect/Math/Angle.h...
         Generating code for file Hect/Source/Hect/Math/AxisAlignedBox.h...
         Generating code for file Hect/Source/Hect/Math/Box.h...
         Generating code for file Hect/Source/Hect/Math/Constants.h...
         Generating code for file Hect/Source/Hect/Math/Frustum.h...
         Generating code for file Hect/Source/Hect/Math/Matrix4.h...
         Generating code for file Hect/Source/Hect/Math/Plane.h...
         Generating code for file Hect/Source/Hect/Math/Quaternion.h...
         Generating code for file Hect/Source/Hect/Math/Sphere.h...
         Generating code for file Hect/Source/Hect/Math/Vector2.h...
         Generating code for file Hect/Source/Hect/Math/Vector3.h...
         Generating code for file Hect/Source/Hect/Math/Vector4.h...
         Generating code for file Hect/Source/Hect/Network/IpAddress.h...
         Generating code for file Hect/Source/Hect/Network/Packet.h...
         Generating code for file Hect/Source/Hect/Network/Peer.h...
         Generating code for file Hect/Source/Hect/Network/Socket.h...
         Generating code for file Hect/Source/Hect/Noise/Random.h...
         Generating code for file Hect/Source/Hect/Reflection/Enum.h...
         Generating code for file Hect/Source/Hect/Reflection/Type.h...
         Generating file documentation...
         Generating page documentation...
         Generating group documentation...
         Generating class documentation...
         Generating namespace index...
         Generating docs for namespace hect
         Generating docs for compound hect::AmbientLight...
         Generating docs for compound hect::Angle...
         Generating docs for compound hect::Any...
         Generating docs for compound hect::ArrayDecoder...
         Generating docs for compound hect::ArrayEncoder...
         Generating docs for compound hect::AssetCache...
         Generating docs for compound hect::AssetEntry...
         Generating docs for compound hect::AssetEntryBase...
         Generating docs for compound hect::AssetHandle...
         Generating docs for compound hect::AssetLoader...
         Generating docs for compound hect::AxisAlignedBox...
         Generating docs for compound hect::BaseComponent...
         Generating docs for compound hect::BinaryDecoder...
         Generating docs for compound hect::BinaryEncoder...
         Generating docs for compound hect::Box...
         Generating docs for compound hect::Camera...
         Generating docs for compound hect::CameraSystem...
         Generating docs for compound hect::Component...
         Generating docs for compound hect::Decoder...
         Generating docs for compound hect::DirectionalLight...
         Generating docs for compound hect::Dispatcher...
         Generating docs for compound hect::Encodable...
         Generating docs for compound hect::Encoder...
         Generating docs for compound hect::Entity...
         Generating docs for compound hect::EntityData...
         Generating docs for compound hect::Enum...
         Generating docs for compound hect::Error...
         Generating docs for compound hect::FileReadStream...
         Generating docs for compound hect::FileSystem...
         Generating docs for compound hect::FileWriteStream...
         Generating docs for compound hect::FrameBuffer...
         Generating docs for compound hect::Frustum...
         Generating docs for compound hect::Geometry...
         Generating docs for compound hect::IdPool...
         Generating docs for compound hect::Image...
         Generating docs for compound hect::ImagePngEncoder...
         Generating docs for compound hect::InputAxis...
         Generating docs for compound hect::InputAxisEncoder...
         Generating docs for compound hect::InputSystem...
         Generating docs for compound hect::IpAddress...
         Generating docs for compound hect::JsonDecoder...
         Generating docs for compound hect::JsonEncoder...
         Generating docs for compound hect::JsonValue...
         Generating docs for compound hect::Keyboard...
         Generating docs for compound hect::KeyboardEvent...
         Generating docs for compound hect::Listener...
         Generating docs for compound hect::LogicFlow...
         Generating docs for compound hect::LogicLayer...
         Generating docs for compound hect::Material...
         Generating docs for compound hect::MaterialEncoder...
         Generating docs for compound hect::Matrix4T...
         Generating docs for compound hect::MemoryReadStream...
         Generating docs for compound hect::MemoryWriteStream...
         Generating docs for compound hect::Mesh...
         Generating docs for compound hect::MeshEncoder...
         Generating docs for compound hect::MeshReader...
         Generating docs for compound hect::MeshWriter...
         Generating docs for compound hect::Mouse...
         Generating docs for compound hect::MouseEvent...
         Generating docs for compound hect::ObjectDecoder...
         Generating docs for compound hect::ObjectEncoder...
         Generating docs for compound hect::Packet...
         Generating docs for compound hect::Pass...
         Generating docs for compound hect::PassUniformValue...
         Generating docs for compound hect::Path...
         Generating docs for compound hect::Peer...
         Generating docs for compound hect::PhysicsSystem...
         Generating docs for compound hect::Plane...
         Generating docs for compound hect::QuaternionT...
         Generating docs for compound hect::Random...
         Generating docs for compound hect::ReadStream...
         Generating docs for compound hect::Renderer...
         Generating docs for nested compound hect::Renderer::Capabilities...
         Generating docs for compound hect::RendererObject...
         Generating docs for compound hect::RendererObjectData...
         Generating docs for compound hect::RenderMode...
         Generating docs for compound hect::RenderSystem...
         Generating docs for compound hect::RenderTarget...
         Generating docs for compound hect::RigidBody...
         Generating docs for compound hect::Scene...
         Generating docs for compound hect::Shader...
         Generating docs for compound hect::ShaderEncoder...
         Generating docs for compound hect::ShaderModule...
         Generating docs for compound hect::Socket...
         Generating docs for compound hect::SocketEvent...
         Generating docs for compound hect::Sphere...
         Generating docs for compound hect::System...
         Generating docs for compound hect::Task...
         Generating docs for compound hect::TaskPool...
         Generating docs for compound hect::Technique...
         Generating docs for compound hect::Texture...
         Generating docs for compound hect::TextureEncoder...
         Generating docs for compound hect::Timer...
         Generating docs for compound hect::TimeSpan...
         Generating docs for compound hect::Transform...
         Generating docs for compound hect::Type...
         Generating docs for compound hect::Uncopyable...
         Generating docs for compound hect::Uniform...
         Generating docs for compound hect::UniformEncoder...
         Generating docs for compound hect::UniformValue...
         Generating docs for compound hect::UniformValueEncoder...
         Generating docs for compound hect::Vector2T...
         Generating docs for compound hect::Vector3T...
         Generating docs for compound hect::Vector4T...
         Generating docs for compound hect::VertexAttribute...
         Generating docs for compound hect::VertexLayout...
         Generating docs for compound hect::VertexLayoutEncoder...
         Generating docs for compound hect::VideoMode...
         Generating docs for compound hect::Window...
         Generating docs for compound hect::WriteStream...
         Generating docs for namespace hect::BlendFactor
         Generating docs for namespace hect::ColorSpace
         Generating docs for namespace hect::FrustumTestResult
         Generating docs for namespace hect::IndexType
         Generating docs for namespace hect::InputAxisSource
         Generating docs for namespace hect::JsonValueType
         Generating docs for namespace hect::Key
         Generating docs for namespace hect::KeyboardEventType
         Generating docs for namespace hect::MouseButton
         Generating docs for namespace hect::MouseEventType
         Generating docs for namespace hect::MouseMode
         Generating docs for namespace hect::PeerState
         Generating docs for namespace hect::PixelFormat
         Generating docs for namespace hect::PixelType
         Generating docs for namespace hect::PrimitiveType
         Generating docs for namespace hect::RenderState
         Generating docs for namespace hect::ShaderModuleType
         Generating docs for namespace hect::SocketEventType
         Generating docs for namespace hect::TextureFilter
         Generating docs for namespace hect::UniformBinding
         Generating docs for namespace hect::UniformType
         Generating docs for namespace hect::VertexAttributeSemantic
         Generating docs for namespace hect::VertexAttributeType
         Generating graph info page...
         Generating directory documentation...
         Generating index page...
         Generating page index...
         Generating module index...
         Generating namespace index...
         Generating namespace member index...
         Generating annotated compound index...
         Generating alphabetical compound index...
         Generating hierarchical class index...
         Generating member index...
         Generating file member index...
         Generating example index...
         finalizing index lists...
         Generating XML output...
         Generating XML output for class hect::AmbientLight
         Generating XML output for class hect::Angle
         Generating XML output for class hect::Any
         Generating XML output for class hect::ArrayDecoder
         Generating XML output for class hect::ArrayEncoder
         Generating XML output for class hect::AssetCache
         Generating XML output for class hect::AssetEntry
         Generating XML output for class hect::AssetEntryBase
         Generating XML output for class hect::AssetHandle
         Generating XML output for class hect::AssetLoader
         Generating XML output for class hect::AxisAlignedBox
         Generating XML output for class hect::BaseComponent
         Generating XML output for class hect::BinaryDecoder
         Generating XML output for class hect::BinaryEncoder
         Generating XML output for class hect::Box
         Generating XML output for class hect::Camera
         Generating XML output for class hect::CameraSystem
         Generating XML output for class hect::Renderer::Capabilities
         Generating XML output for class hect::Component
         Generating XML output for class hect::Any::Container
         Generating XML output for class hect::Any::ContainerValue
         Generating XML output for class hect::Task::Data
         Generating XML output for class hect::Decoder
         Generating XML output for class hect::DirectionalLight
         Generating XML output for class hect::Dispatcher
         Generating XML output for class hect::Encodable
         Generating XML output for class hect::Encoder
         Generating XML output for class hect::Entity
         Generating XML output for class hect::EntityData
         Generating XML output for class hect::Enum
         Generating XML output for class hect::Error
         Generating XML output for class hect::FileReadStream
         Generating XML output for class hect::FileSystem
         Generating XML output for class hect::FileWriteStream
         Generating XML output for class hect::FrameBuffer
         Generating XML output for class hect::Frustum
         Generating XML output for class hect::Geometry
         Generating XML output for class hect::IdPool
         Generating XML output for class hect::Image
         Generating XML output for class hect::ImagePngEncoder
         Generating XML output for class hect::InputAxis
         Generating XML output for class hect::InputAxisEncoder
         Generating XML output for class hect::InputSystem
         Generating XML output for class hect::IpAddress
         Generating XML output for class hect::JsonDecoder
         Generating XML output for class hect::JsonEncoder
         Generating XML output for class hect::JsonValue
         Generating XML output for class hect::Keyboard
         Generating XML output for class hect::KeyboardEvent
         Generating XML output for class hect::Listener
         Generating XML output for class hect::LogicFlow
         Generating XML output for class hect::LogicLayer
         Generating XML output for class hect::Material
         Generating XML output for class hect::MaterialEncoder
         Generating XML output for class hect::Matrix4T
         Generating XML output for class hect::MemoryReadStream
         Generating XML output for class hect::MemoryWriteStream
         Generating XML output for class hect::Mesh
         Generating XML output for class hect::MeshEncoder
         Generating XML output for class hect::MeshReader
         Generating XML output for class hect::MeshWriter
         Generating XML output for class hect::Mouse
         Generating XML output for class hect::MouseEvent
         Generating XML output for class hect::ObjectDecoder
         Generating XML output for class hect::ObjectEncoder
         Generating XML output for class hect::Packet
         Generating XML output for class hect::Pass
         Generating XML output for class hect::PassUniformValue
         Generating XML output for class hect::Path
         Generating XML output for class hect::Peer
         Generating XML output for class hect::PhysicsSystem
         Generating XML output for class hect::Plane
         Generating XML output for class hect::QuaternionT
         Generating XML output for class hect::Random
         Generating XML output for class hect::ReadStream
         Generating XML output for class hect::Renderer
         Generating XML output for class hect::RendererObject
         Generating XML output for class hect::RendererObjectData
         Generating XML output for class hect::RenderMode
         Generating XML output for class hect::RenderSystem
         Generating XML output for class hect::RenderTarget
         Generating XML output for class hect::RigidBody
         Generating XML output for class hect::Scene
         Generating XML output for class hect::Shader
         Generating XML output for class hect::ShaderEncoder
         Generating XML output for class hect::ShaderModule
         Generating XML output for class hect::Socket
         Generating XML output for class hect::SocketEvent
         Generating XML output for class hect::Sphere
         Generating XML output for class hect::System
         Generating XML output for class hect::Task
         Generating XML output for class hect::TaskPool
         Generating XML output for class hect::Technique
         Generating XML output for class hect::Texture
         Generating XML output for class hect::TextureEncoder
         Generating XML output for class hect::Timer
         Generating XML output for class hect::TimeSpan
         Generating XML output for class hect::Transform
         Generating XML output for class hect::Type
         Generating XML output for class hect::Uncopyable
         Generating XML output for class hect::Uniform
         Generating XML output for class hect::UniformEncoder
         Generating XML output for class hect::UniformValue
         Generating XML output for class hect::UniformValueEncoder
         Generating XML output for class hect::Vector2T
         Generating XML output for class hect::Vector3T
         Generating XML output for class hect::Vector4T
         Generating XML output for class hect::VertexAttribute
         Generating XML output for class hect::VertexLayout
         Generating XML output for class hect::VertexLayoutEncoder
         Generating XML output for class hect::VideoMode
         Generating XML output for class hect::Window
         Generating XML output for class hect::WriteStream
         Generating XML output for namespace hect
         Generating XML output for namespace hect::BlendFactor
         Generating XML output for namespace hect::ColorSpace
         Generating XML output for namespace hect::FrustumTestResult
         Generating XML output for namespace hect::IndexType
         Generating XML output for namespace hect::InputAxisSource
         Generating XML output for namespace hect::JsonValueType
         Generating XML output for namespace hect::Key
         Generating XML output for namespace hect::KeyboardEventType
         Generating XML output for namespace hect::MouseButton
         Generating XML output for namespace hect::MouseEventType
         Generating XML output for namespace hect::MouseMode
         Generating XML output for namespace hect::PeerState
         Generating XML output for namespace hect::PixelFormat
         Generating XML output for namespace hect::PixelType
         Generating XML output for namespace hect::PrimitiveType
         Generating XML output for namespace hect::RenderState
         Generating XML output for namespace hect::ShaderModuleType
         Generating XML output for namespace hect::SocketEventType
         Generating XML output for namespace hect::TextureFilter
         Generating XML output for namespace hect::UniformBinding
         Generating XML output for namespace hect::UniformType
         Generating XML output for namespace hect::VertexAttributeSemantic
         Generating XML output for namespace hect::VertexAttributeType
         Generating XML output for file Hect.h
         Generating XML output for file AssetCache.h
         Generating XML output for file AssetEntry.h
         Generating XML output for file AssetHandle.h
         Generating XML output for file AssetLoader.h
         Generating XML output for file Any.h
         Generating XML output for file Configuration.h
         Generating XML output for file Dispatcher.h
         Generating XML output for file Error.h
         Generating XML output for file Export.h
         Generating XML output for file Format.h
         Generating XML output for file IdPool.h
         Generating XML output for file Listener.h
         Generating XML output for file Logging.h
         Generating XML output for file LogicFlow.h
         Generating XML output for file LogicLayer.h
         Generating XML output for file Memory.h
         Generating XML output for file Real.h
         Generating XML output for file TaskPool.h
         Generating XML output for file Timer.h
         Generating XML output for file TimeSpan.h
         Generating XML output for file Uncopyable.h
         Generating XML output for file Component.h
         Generating XML output for file AmbientLight.h
         Generating XML output for file Camera.h
         Generating XML output for file DirectionalLight.h
         Generating XML output for file Geometry.h
         Generating XML output for file RigidBody.h
         Generating XML output for file Transform.h
         Generating XML output for file Entity.h
         Generating XML output for file EntityData.h
         Generating XML output for file Scene.h
         Generating XML output for file System.h
         Generating XML output for file CameraSystem.h
         Generating XML output for file PhysicsSystem.h
         Generating XML output for file RenderSystem.h
         Generating XML output for file FrameBuffer.h
         Generating XML output for file Image.h
         Generating XML output for file Material.h
         Generating XML output for file Mesh.h
         Generating XML output for file MeshReader.h
         Generating XML output for file MeshWriter.h
         Generating XML output for file Pass.h
         Generating XML output for file PassUniformValue.h
         Generating XML output for file Renderer.h
         Generating XML output for file RendererObject.h
         Generating XML output for file RenderMode.h
         Generating XML output for file RenderTarget.h
         Generating XML output for file Shader.h
         Generating XML output for file ShaderModule.h
         Generating XML output for file Technique.h
         Generating XML output for file Texture.h
         Generating XML output for file Uniform.h
         Generating XML output for file UniformValue.h
         Generating XML output for file VertexAttribute.h
         Generating XML output for file VertexLayout.h
         Generating XML output for file VideoMode.h
         Generating XML output for file Window.h
         Generating XML output for file InputAxis.h
         Generating XML output for file InputSystem.h
         Generating XML output for file Keyboard.h
         Generating XML output for file Mouse.h
         Generating XML output for file Bullet.h
         Generating XML output for file BinaryDecoder.h
         Generating XML output for file BinaryEncoder.h
         Generating XML output for file Decoder.h
         Generating XML output for file Encodable.h
         Generating XML output for file Encoder.h
         Generating XML output for file ImagePngEncoder.h
         Generating XML output for file InputAxisEncoder.h
         Generating XML output for file MaterialEncoder.h
         Generating XML output for file MeshEncoder.h
         Generating XML output for file ShaderEncoder.h
         Generating XML output for file TextureEncoder.h
         Generating XML output for file UniformEncoder.h
         Generating XML output for file UniformValueEncoder.h
         Generating XML output for file VertexLayoutEncoder.h
         Generating XML output for file EncodingMagicNumber.h
         Generating XML output for file FileReadStream.h
         Generating XML output for file FileSystem.h
         Generating XML output for file FileWriteStream.h
         Generating XML output for file JsonDecoder.h
         Generating XML output for file JsonEncoder.h
         Generating XML output for file JsonValue.h
         Generating XML output for file MemoryReadStream.h
         Generating XML output for file MemoryWriteStream.h
         Generating XML output for file Path.h
         Generating XML output for file ReadStream.h
         Generating XML output for file WriteStream.h
         Generating XML output for file Angle.h
         Generating XML output for file AxisAlignedBox.h
         Generating XML output for file Box.h
         Generating XML output for file Constants.h
         Generating XML output for file Frustum.h
         Generating XML output for file Matrix4.h
         Generating XML output for file Plane.h
         Generating XML output for file Quaternion.h
         Generating XML output for file Sphere.h
         Generating XML output for file Vector2.h
         Generating XML output for file Vector3.h
         Generating XML output for file Vector4.h
         Generating XML output for file IpAddress.h
         Generating XML output for file Packet.h
         Generating XML output for file Peer.h
         Generating XML output for file Socket.h
         Generating XML output for file Random.h
         Generating XML output for file Enum.h
         Generating XML output for file Type.h
         Generate XML output for dir D:/Projects/hect/Hect/Source/Hect/Asset/
         Generate XML output for dir D:/Projects/hect/Hect/Source/Hect/Entity/Components/
         Generate XML output for dir D:/Projects/hect/Hect/Source/Hect/Core/
         Generate XML output for dir D:/Projects/hect/Hect/Source/Hect/IO/Encoders/
         Generate XML output for dir D:/Projects/hect/Hect/Source/Hect/Entity/
         Generate XML output for dir D:/Projects/hect/Hect/Source/Hect/Graphics/
         Generate XML output for dir D:/Projects/hect/Hect/Source/Hect/
         Generate XML output for dir D:/Projects/hect/Hect/
         Generate XML output for dir D:/Projects/hect/Hect/Source/Hect/Input/
         Generate XML output for dir D:/Projects/hect/Hect/Source/Hect/Internal/
         Generate XML output for dir D:/Projects/hect/Hect/Source/Hect/IO/
         Generate XML output for dir D:/Projects/hect/Hect/Source/Hect/Math/
         Generate XML output for dir D:/Projects/hect/Hect/Source/Hect/Network/
         Generate XML output for dir D:/Projects/hect/Hect/Source/Hect/Noise/
         Generate XML output for dir D:/Projects/hect/Hect/Source/Hect/Reflection/
         Generate XML output for dir D:/Projects/hect/Hect/Source/
         Generate XML output for dir D:/Projects/hect/Hect/Source/Hect/Entity/Systems/
         lookup cache used 3005/65536 hits=34089 misses=3229
         finished...
     1>Done Building Project "D:\Projects\hect\Hect\Tools\Reflect\Reflect.vcxproj" (Build target(s)).

Build succeeded.

Time Elapsed 00:00:03.46
